<?xml version="1.0" encoding="UTF-8"?>
<testsuite name="com.invoice.InvoiceGeneratorTest" tests="1" skipped="0" failures="0" errors="0" timestamp="2021-04-30T04:59:10" hostname="DESKTOP-DCC7S3K" time="0.048">
  <properties/>
  <testcase name="givenMinimumDistanceTime_ShouldReturnMinimumFare()" classname="com.invoice.InvoiceGeneratorTest" time="0.048"/>
  <system-out><![CDATA[]]></system-out>
  <system-err><![CDATA[]]></system-err>
</testsuite>
